<?xml version="1.0" encoding="UTF-8"?>
<!-- Generated by org.testng.reporters.JUnitReportReporter -->
<testsuite skipped="0" hostname="DESKTOP-KFC89GU" name="Report.Extentreport.extentReport" tests="2" failures="0" timestamp="2021-04-18T15:58:04 EDT" time="0.491" errors="0">
  <testcase name="facebookLogout" time="0.033" classname="Report.Extentreport.extentReport"/>
  <system-out/>
  <testcase name="facebookLogin" time="0.458" classname="Report.Extentreport.extentReport"/>
  <system-out/>
</testsuite> <!-- Report.Extentreport.extentReport -->
